[debug] [2022-05-02T11:51:10.161Z] ----------------------------------------------------------------------
[debug] [2022-05-02T11:51:10.165Z] Command:       C:\Program Files\nodejs\node.exe C:\Users\vishal kumar\AppData\Roaming\npm\node_modules\firebase-tools\lib\bin\firebase.js init
[debug] [2022-05-02T11:51:10.166Z] CLI Version:   10.7.2
[debug] [2022-05-02T11:51:10.167Z] Platform:      win32
[debug] [2022-05-02T11:51:10.167Z] Node Version:  v16.14.2
[debug] [2022-05-02T11:51:10.169Z] Time:          Mon May 02 2022 17:21:10 GMT+0530 (India Standard Time)
[debug] [2022-05-02T11:51:10.169Z] ----------------------------------------------------------------------
[debug] 
[debug] [2022-05-02T11:51:10.183Z] > command requires scopes: ["email","openid","https://www.googleapis.com/auth/cloudplatformprojects.readonly","https://www.googleapis.com/auth/firebase","https://www.googleapis.com/auth/cloud-platform"]
[debug] [2022-05-02T11:51:10.183Z] > authorizing via signed-in user (vishalkumar2022001@gmail.com)
[info] 
     ######## #### ########  ######## ########     ###     ######  ########
     ##        ##  ##     ## ##       ##     ##  ##   ##  ##       ##
     ######    ##  ########  ######   ########  #########  ######  ######
     ##        ##  ##    ##  ##       ##     ## ##     ##       ## ##
     ##       #### ##     ## ######## ########  ##     ##  ######  ########

You're about to initialize a Firebase project in this directory:

  E:\complete web devlop,ent\React\amazon-full

[info] 
=== Project Setup
[info] 
[info] First, let's associate this project directory with a Firebase project.
[info] You can create multiple project aliases by running firebase use --add, 
[info] but for now we'll just set up a default project.
[info] 
[debug] [2022-05-02T11:53:54.340Z] >>> [apiv2][query] GET https://firebase.googleapis.com/v1beta1/projects pageSize=100
[debug] [2022-05-02T11:53:56.001Z] <<< [apiv2][status] GET https://firebase.googleapis.com/v1beta1/projects 200
[debug] [2022-05-02T11:53:56.002Z] <<< [apiv2][body] GET https://firebase.googleapis.com/v1beta1/projects [omitted]
[info] i  Using project app-b784d (amazon-app) 
[info] 
=== Hosting Setup
[info] 
[info] Your public directory is the folder (relative to your project directory) that
[info] will contain Hosting assets to be uploaded with firebase deploy. If you
[info] have a build process for your assets, use your build's output directory.
[info] 
[debug] [2022-05-02T11:55:59.503Z] >>> [apiv2][query] GET https://www.gstatic.com/firebasejs/releases.json [none]
[debug] [2022-05-02T11:55:59.922Z] <<< [apiv2][status] GET https://www.gstatic.com/firebasejs/releases.json 200
[debug] [2022-05-02T11:55:59.923Z] <<< [apiv2][body] GET https://www.gstatic.com/firebasejs/releases.json {"current":{"version":"9.7.0","browserURL":"https://www.gstatic.com/firebasejs/9.7.0/firebase.js","packageURL":"https://www.gstatic.com/firebasejs/9.7.0/firebase.tgz"},"live":{"version":"9.7","browserURL":"https://www.gstatic.com/firebasejs/live/9.7/firebase.js","packageURL":"https://www.gstatic.com/firebasejs/live/9.7/firebase.tgz"},"components":{"analytics":"https://www.gstatic.com/firebasejs/9.7.0/firebase-analytics.js","app":"https://www.gstatic.com/firebasejs/9.7.0/firebase-app.js","app-check":"https://www.gstatic.com/firebasejs/9.7.0/firebase-app-check.js","auth":"https://www.gstatic.com/firebasejs/9.7.0/firebase-auth.js","auth/cordova":"https://www.gstatic.com/firebasejs/9.7.0/firebase-auth/cordova.js","auth/react-native":"https://www.gstatic.com/firebasejs/9.7.0/firebase-auth/react-native.js","functions":"https://www.gstatic.com/firebasejs/9.7.0/firebase-functions.js","firestore":"https://www.gstatic.com/firebasejs/9.7.0/firebase-firestore.js","firestore/lite":"https://www.gstatic.com/firebasejs/9.7.0/firebase-firestore/lite.js","storage":"https://www.gstatic.com/firebasejs/9.7.0/firebase-storage.js","performance":"https://www.gstatic.com/firebasejs/9.7.0/firebase-performance.js","remote-config":"https://www.gstatic.com/firebasejs/9.7.0/firebase-remote-config.js","messaging":"https://www.gstatic.com/firebasejs/9.7.0/firebase-messaging.js","messaging/sw":"https://www.gstatic.com/firebasejs/9.7.0/firebase-messaging/sw.js","database":"https://www.gstatic.com/firebasejs/9.7.0/firebase-database.js","firestore.memory":"https://www.gstatic.com/firebasejs/9.7.0/firebase-firestore.memory.js"}}
[info] +  Wrote build/index.html 
[info] 
[info] i  Detected a .git folder at E:\complete web devlop,ent\React\amazon-full 
[info] i  Authorizing with GitHub to upload your service account to a GitHub repository's secrets store. 
[info] 
[info] Visit this URL on this device to log in:
[info] https://github.com/login/oauth/authorize?client_id=89cf50f02ac6aaed3484&state=790158647&redirect_uri=http%3A%2F%2Flocalhost%3A9005&scope=read%3Auser%20repo%20public_repo
[info] 
[info] Waiting for authentication...
[debug] [2022-05-02T11:56:20.735Z] >>> HTTP REQUEST POST https://github.com/login/oauth/access_token  
 {"client_id":"89cf50f02ac6aaed3484","client_secret":"3330d14abc895d9a74d5f17cd7a00711fa2c5bf0","code":"af711db3891dfe9b58cd","redirect_uri":"http://localhost:9005","state":"790158647"}
[debug] [2022-05-02T11:56:21.431Z] <<< HTTP RESPONSE 200 {"server":"GitHub.com","date":"Mon, 02 May 2022 11:57:28 GMT","content-type":"application/json; charset=utf-8","transfer-encoding":"chunked","vary":"X-PJAX, X-PJAX-Container, Accept-Encoding, Accept, X-Requested-With","permissions-policy":"interest-cohort=()","etag":"W/\"3959592a651b7bef8a2751390e3b47b8\"","cache-control":"max-age=0, private, must-revalidate","strict-transport-security":"max-age=31536000; includeSubdomains; preload","x-frame-options":"deny","x-content-type-options":"nosniff","x-xss-protection":"0","referrer-policy":"origin-when-cross-origin, strict-origin-when-cross-origin","expect-ct":"max-age=2592000, report-uri=\"https://api.github.com/_private/browser/errors\"","content-security-policy":"default-src 'none'; base-uri 'self'; block-all-mixed-content; child-src github.com/assets-cdn/worker/ gist.github.com/assets-cdn/worker/; connect-src 'self' uploads.github.com objects-origin.githubusercontent.com www.githubstatus.com collector.github.com raw.githubusercontent.com api.github.com github-cloud.s3.amazonaws.com github-production-repository-file-5c1aeb.s3.amazonaws.com github-production-upload-manifest-file-7fdce7.s3.amazonaws.com github-production-user-asset-6210df.s3.amazonaws.com cdn.optimizely.com logx.optimizely.com/v1/events translator.github.com *.actions.githubusercontent.com wss://*.actions.githubusercontent.com online.visualstudio.com/api/v1/locations github-production-repository-image-32fea6.s3.amazonaws.com github-production-release-asset-2e65be.s3.amazonaws.com insights.github.com wss://alive.github.com; font-src github.githubassets.com; form-action 'self' github.com gist.github.com objects-origin.githubusercontent.com; frame-ancestors 'none'; frame-src render.githubusercontent.com viewscreen.githubusercontent.com notebooks.githubusercontent.com; img-src 'self' data: github.githubassets.com identicons.github.com github-cloud.s3.amazonaws.com secured-user-images.githubusercontent.com/ *.githubusercontent.com; manifest-src 'self'; media-src github.com user-images.githubusercontent.com/; script-src github.githubassets.com; style-src 'unsafe-inline' github.githubassets.com; worker-src github.com/assets-cdn/worker/ gist.github.com/assets-cdn/worker/","x-github-request-id":"E695:1912:84698:914EB:626FC728"}
[debug] [2022-05-02T11:56:21.462Z] >>> [apiv2][query] GET https://api.github.com/user [none]
[debug] [2022-05-02T11:56:22.138Z] <<< [apiv2][status] GET https://api.github.com/user 200
[debug] [2022-05-02T11:56:22.139Z] <<< [apiv2][body] GET https://api.github.com/user {"login":"Vishal123KumarSingh","id":87356638,"node_id":"MDQ6VXNlcjg3MzU2NjM4","avatar_url":"https://avatars.githubusercontent.com/u/87356638?v=4","gravatar_id":"","url":"https://api.github.com/users/Vishal123KumarSingh","html_url":"https://github.com/Vishal123KumarSingh","followers_url":"https://api.github.com/users/Vishal123KumarSingh/followers","following_url":"https://api.github.com/users/Vishal123KumarSingh/following{/other_user}","gists_url":"https://api.github.com/users/Vishal123KumarSingh/gists{/gist_id}","starred_url":"https://api.github.com/users/Vishal123KumarSingh/starred{/owner}{/repo}","subscriptions_url":"https://api.github.com/users/Vishal123KumarSingh/subscriptions","organizations_url":"https://api.github.com/users/Vishal123KumarSingh/orgs","repos_url":"https://api.github.com/users/Vishal123KumarSingh/repos","events_url":"https://api.github.com/users/Vishal123KumarSingh/events{/privacy}","received_events_url":"https://api.github.com/users/Vishal123KumarSingh/received_events","type":"User","site_admin":false,"name":null,"company":null,"blog":"","location":null,"email":null,"hireable":null,"bio":null,"twitter_username":null,"public_repos":9,"public_gists":0,"followers":0,"following":5,"created_at":"2021-07-13T06:14:03Z","updated_at":"2022-05-02T11:57:22Z","private_gists":0,"total_private_repos":1,"owned_private_repos":1,"disk_usage":122671,"collaborators":0,"two_factor_authentication":false,"plan":{"name":"free","space":976562499,"collaborators":0,"private_repos":10000}}
[info] 
[info] +  Success! Logged into GitHub as Vishal123KumarSingh 
[info] 
[debug] [2022-05-02T11:57:17.049Z] >>> [apiv2][query] GET https://api.github.com/repos/https://github.com/Vishal123KumarSingh?tab=repositories/actions/secrets/public-key type=owner
[debug] [2022-05-02T11:57:18.308Z] <<< [apiv2][status] GET https://api.github.com/repos/https://github.com/Vishal123KumarSingh?tab=repositories/actions/secrets/public-key 404
[debug] [2022-05-02T11:57:18.309Z] <<< [apiv2][body] GET https://api.github.com/repos/https://github.com/Vishal123KumarSingh?tab=repositories/actions/secrets/public-key {"message":"Not Found","documentation_url":"https://docs.github.com/rest"}
[debug] [2022-05-02T11:57:55.596Z] >>> [apiv2][query] GET https://api.github.com/repos/user/Vishal123KumarSingh?tab=repositories/actions/secrets/public-key type=owner
[debug] [2022-05-02T11:57:56.504Z] <<< [apiv2][status] GET https://api.github.com/repos/user/Vishal123KumarSingh?tab=repositories/actions/secrets/public-key 404
[debug] [2022-05-02T11:57:56.504Z] <<< [apiv2][body] GET https://api.github.com/repos/user/Vishal123KumarSingh?tab=repositories/actions/secrets/public-key {"message":"Not Found","documentation_url":"https://docs.github.com/rest/reference/repos#get-a-repository"}
[debug] [2022-05-02T11:59:26.149Z] >>> [apiv2][query] GET https://api.github.com/repos/user/Vishal123KumarSingh?tab=repositories/actions/secrets/public-key type=owner
[debug] [2022-05-02T11:59:27.026Z] <<< [apiv2][status] GET https://api.github.com/repos/user/Vishal123KumarSingh?tab=repositories/actions/secrets/public-key 404
[debug] [2022-05-02T11:59:27.027Z] <<< [apiv2][body] GET https://api.github.com/repos/user/Vishal123KumarSingh?tab=repositories/actions/secrets/public-key {"message":"Not Found","documentation_url":"https://docs.github.com/rest/reference/repos#get-a-repository"}
[debug] [2022-05-02T12:00:44.277Z] >>> [apiv2][query] GET https://api.github.com/repos/Vishal123KumarSingh?tab=repositorie/actions/secrets/public-key type=owner
[debug] [2022-05-02T12:00:45.155Z] <<< [apiv2][status] GET https://api.github.com/repos/Vishal123KumarSingh?tab=repositorie/actions/secrets/public-key 404
[debug] [2022-05-02T12:00:45.156Z] <<< [apiv2][body] GET https://api.github.com/repos/Vishal123KumarSingh?tab=repositorie/actions/secrets/public-key {"message":"Not Found","documentation_url":"https://docs.github.com/rest"}
[debug] [2022-05-02T12:02:20.098Z] >>> [apiv2][query] GET https://api.github.com/repos/Vishal123KumarSingh?tab=repositorie/actions/secrets/public-key type=owner
[debug] [2022-05-02T12:02:20.693Z] <<< [apiv2][status] GET https://api.github.com/repos/Vishal123KumarSingh?tab=repositorie/actions/secrets/public-key 404
[debug] [2022-05-02T12:02:20.694Z] <<< [apiv2][body] GET https://api.github.com/repos/Vishal123KumarSingh?tab=repositorie/actions/secrets/public-key {"message":"Not Found","documentation_url":"https://docs.github.com/rest"}
[debug] [2022-05-02T12:02:44.322Z] >>> [apiv2][query] GET https://api.github.com/repos/Vishal123KumarSingh?tab=repositorie/actions/secrets/public-key type=owner
[debug] [2022-05-02T12:02:45.271Z] <<< [apiv2][status] GET https://api.github.com/repos/Vishal123KumarSingh?tab=repositorie/actions/secrets/public-key 404
[debug] [2022-05-02T12:02:45.271Z] <<< [apiv2][body] GET https://api.github.com/repos/Vishal123KumarSingh?tab=repositorie/actions/secrets/public-key {"message":"Not Found","documentation_url":"https://docs.github.com/rest"}
